<?xml version="1.0" encoding="UTF-8"?>
<testsuite xmlns:xsi="http://www.w3.org/2001/XMLSchema-instance" xsi:noNamespaceSchemaLocation="https://maven.apache.org/surefire/maven-surefire-plugin/xsd/surefire-test-report.xsd" version="3.0.2" name="college.devops.Devops.DevopsApplicationTests" time="5.786" tests="1" errors="0" skipped="0" failures="0">
  <properties>
[...]
</properties>
  <testcase name="contextLoads" classname="college.devops.Devops.DevopsApplicationTests" time="0.495">
    <system-out><![CDATA[23:37:38.886 [main] INFO org.springframework.test.context.support.AnnotationConfigContextLoaderUtils -- Could not detect default configuration classes for test class [college.devops.Devops.DevopsApplicationTests]: DevopsApplicationTests does not declare any static, non-private, non-final, nested classes annotated with @Configuration.
23:37:39.002 [main] INFO org.springframework.boot.test.context.SpringBootTestContextBootstrapper -- Found @SpringBootConfiguration college.devops.Devops.DevopsApplication for test class college.devops.Devops.DevopsApplicationTests
23:37:39.173 [main] INFO org.springframework.boot.devtools.restart.RestartApplicationListener -- Restart disabled due to context in which it is running

  .   ____          _            __ _ _
 /\\ / ___'_ __ _ _(_)_ __  __ _ \ \ \ \
( ( )\___ | '_ | '_| | '_ \/ _` | \ \ \ \
 \\/  ___)| |_)| | | | | || (_| |  ) ) ) )
  '  |____| .__|_| |_|_| |_\__, | / / / /
 =========|_|==============|___/=/_/_/_/

 :: Spring Boot ::                (v3.4.0)

2024-11-22T23:37:39.430+05:30  INFO 11624 --- [Devops] [           main] c.devops.Devops.DevopsApplicationTests   : Starting DevopsApplicationTests using Java 19.0.1 with PID 11624 (started by Siddharth in C:\Devops)
2024-11-22T23:37:39.431+05:30  INFO 11624 --- [Devops] [           main] c.devops.Devops.DevopsApplicationTests   : No active profile set, falling back to 1 default profile: "default"
2024-11-22T23:37:40.458+05:30  INFO 11624 --- [Devops] [           main] .s.d.r.c.RepositoryConfigurationDelegate : Bootstrapping Spring Data JPA repositories in DEFAULT mode.
2024-11-22T23:37:40.513+05:30  INFO 11624 --- [Devops] [           main] .s.d.r.c.RepositoryConfigurationDelegate : Finished Spring Data repository scanning in 45 ms. Found 1 JPA repository interface.
2024-11-22T23:37:41.209+05:30  INFO 11624 --- [Devops] [           main] o.hibernate.jpa.internal.util.LogHelper  : HHH000204: Processing PersistenceUnitInfo [name: default]
2024-11-22T23:37:41.276+05:30  INFO 11624 --- [Devops] [           main] org.hibernate.Version                    : HHH000412: Hibernate ORM core version 6.1.7.Final
2024-11-22T23:37:41.627+05:30  INFO 11624 --- [Devops] [           main] com.zaxxer.hikari.HikariDataSource       : HikariPool-1 - Starting...
2024-11-22T23:37:41.817+05:30  INFO 11624 --- [Devops] [           main] com.zaxxer.hikari.pool.HikariPool        : HikariPool-1 - Added connection conn0: url=jdbc:h2:mem:testdb user=SA
2024-11-22T23:37:41.818+05:30  INFO 11624 --- [Devops] [           main] com.zaxxer.hikari.HikariDataSource       : HikariPool-1 - Start completed.
2024-11-22T23:37:41.837+05:30  INFO 11624 --- [Devops] [           main] SQL dialect                              : HHH000400: Using dialect: org.hibernate.dialect.H2Dialect
Hibernate: create table "user" (id bigint not null, email varchar(255), name varchar(255), primary key (id))
Hibernate: create sequence user_seq start with 1 increment by 50
2024-11-22T23:37:42.428+05:30  INFO 11624 --- [Devops] [           main] o.h.e.t.j.p.i.JtaPlatformInitiator       : HHH000490: Using JtaPlatform implementation: [org.hibernate.engine.transaction.jta.platform.internal.NoJtaPlatform]
2024-11-22T23:37:42.437+05:30  INFO 11624 --- [Devops] [           main] j.LocalContainerEntityManagerFactoryBean : Initialized JPA EntityManagerFactory for persistence unit 'default'
2024-11-22T23:37:42.992+05:30  WARN 11624 --- [Devops] [           main] JpaBaseConfiguration$JpaWebConfiguration : spring.jpa.open-in-view is enabled by default. Therefore, database queries may be performed during view rendering. Explicitly configure spring.jpa.open-in-view to disable this warning
2024-11-22T23:37:43.036+05:30  INFO 11624 --- [Devops] [           main] o.s.b.a.w.s.WelcomePageHandlerMapping    : Adding welcome page template: index
2024-11-22T23:37:43.780+05:30  INFO 11624 --- [Devops] [           main] o.s.b.a.h2.H2ConsoleAutoConfiguration    : H2 console available at '/h2-console'. Database available at 'jdbc:h2:mem:testdb'
2024-11-22T23:37:43.825+05:30  INFO 11624 --- [Devops] [           main] o.s.b.a.e.web.EndpointLinksResolver      : Exposing 1 endpoint beneath base path '/actuator'
2024-11-22T23:37:43.910+05:30  INFO 11624 --- [Devops] [           main] c.devops.Devops.DevopsApplicationTests   : Started DevopsApplicationTests in 4.749 seconds (process running for 5.673)
]]></system-out>
  </testcase>
</testsuite>